{"C:\\Users\\Tuval Yulevich\\Desktop\\תואר במדעי המחשב\\שנה ג\\שנה ג סמסטר א\\פיתוח מתקדם באפליקציות אינטרנטיות\\Matala2\\controllers\\AuthController.js": {"path":"C:\\Users\\Tuval Yulevich\\Desktop\\תואר במדעי המחשב\\שנה ג\\שנה ג סמסטר א\\פיתוח מתקדם באפליקציות אינטרנטיות\\Matala2\\controllers\\AuthController.js","statementMap":{"0":{"start":{"line":6,"column":22},"end":{"line":8,"column":1}},"1":{"start":{"line":7,"column":4},"end":{"line":7,"column":57}},"2":{"start":{"line":10,"column":24},"end":{"line":32,"column":1}},"3":{"start":{"line":11,"column":4},"end":{"line":31,"column":5}},"4":{"start":{"line":12,"column":46},"end":{"line":12,"column":54}},"5":{"start":{"line":14,"column":27},"end":{"line":14,"column":56}},"6":{"start":{"line":15,"column":8},"end":{"line":17,"column":9}},"7":{"start":{"line":16,"column":12},"end":{"line":16,"column":76}},"8":{"start":{"line":19,"column":31},"end":{"line":19,"column":62}},"9":{"start":{"line":20,"column":21},"end":{"line":20,"column":76}},"10":{"start":{"line":21,"column":8},"end":{"line":21,"column":26}},"11":{"start":{"line":23,"column":8},"end":{"line":28,"column":11}},"12":{"start":{"line":30,"column":8},"end":{"line":30,"column":57}},"13":{"start":{"line":34,"column":21},"end":{"line":54,"column":1}},"14":{"start":{"line":35,"column":4},"end":{"line":53,"column":5}},"15":{"start":{"line":36,"column":36},"end":{"line":36,"column":44}},"16":{"start":{"line":37,"column":21},"end":{"line":37,"column":50}},"17":{"start":{"line":38,"column":8},"end":{"line":40,"column":9}},"18":{"start":{"line":39,"column":12},"end":{"line":39,"column":80}},"19":{"start":{"line":41,"column":30},"end":{"line":41,"column":75}},"20":{"start":{"line":42,"column":8},"end":{"line":44,"column":9}},"21":{"start":{"line":43,"column":12},"end":{"line":43,"column":82}},"22":{"start":{"line":45,"column":8},"end":{"line":50,"column":11}},"23":{"start":{"line":52,"column":8},"end":{"line":52,"column":57}}},"fnMap":{"0":{"name":"(anonymous_0)","decl":{"start":{"line":6,"column":22},"end":{"line":6,"column":23}},"loc":{"start":{"line":6,"column":30},"end":{"line":8,"column":1}},"line":6},"1":{"name":"(anonymous_1)","decl":{"start":{"line":10,"column":24},"end":{"line":10,"column":25}},"loc":{"start":{"line":10,"column":44},"end":{"line":32,"column":1}},"line":10},"2":{"name":"(anonymous_2)","decl":{"start":{"line":34,"column":21},"end":{"line":34,"column":22}},"loc":{"start":{"line":34,"column":41},"end":{"line":54,"column":1}},"line":34}},"branchMap":{"0":{"loc":{"start":{"line":15,"column":8},"end":{"line":17,"column":9}},"type":"if","locations":[{"start":{"line":15,"column":8},"end":{"line":17,"column":9}},{"start":{},"end":{}}],"line":15},"1":{"loc":{"start":{"line":38,"column":8},"end":{"line":40,"column":9}},"type":"if","locations":[{"start":{"line":38,"column":8},"end":{"line":40,"column":9}},{"start":{},"end":{}}],"line":38},"2":{"loc":{"start":{"line":42,"column":8},"end":{"line":44,"column":9}},"type":"if","locations":[{"start":{"line":42,"column":8},"end":{"line":44,"column":9}},{"start":{},"end":{}}],"line":42}},"s":{"0":2,"1":1,"2":2,"3":3,"4":3,"5":3,"6":3,"7":2,"8":1,"9":1,"10":1,"11":1,"12":0,"13":2,"14":0,"15":0,"16":0,"17":0,"18":0,"19":0,"20":0,"21":0,"22":0,"23":0},"f":{"0":1,"1":3,"2":0},"b":{"0":[2,1],"1":[0,0],"2":[0,0]},"_coverageSchema":"1a1c01bbd47fc00a2c39e90264f33305004495a9","hash":"1e1dc001563af78eb1c75756c0ce90a75116d446"}
,"C:\\Users\\Tuval Yulevich\\Desktop\\תואר במדעי המחשב\\שנה ג\\שנה ג סמסטר א\\פיתוח מתקדם באפליקציות אינטרנטיות\\Matala2\\controllers\\commentController.js": {"path":"C:\\Users\\Tuval Yulevich\\Desktop\\תואר במדעי המחשב\\שנה ג\\שנה ג סמסטר א\\פיתוח מתקדם באפליקציות אינטרנטיות\\Matala2\\controllers\\commentController.js","statementMap":{"0":{"start":{"line":5,"column":29},"end":{"line":17,"column":1}},"1":{"start":{"line":6,"column":4},"end":{"line":16,"column":5}},"2":{"start":{"line":7,"column":42},"end":{"line":7,"column":50}},"3":{"start":{"line":8,"column":21},"end":{"line":8,"column":54}},"4":{"start":{"line":9,"column":8},"end":{"line":11,"column":9}},"5":{"start":{"line":10,"column":12},"end":{"line":10,"column":74}},"6":{"start":{"line":12,"column":24},"end":{"line":12,"column":71}},"7":{"start":{"line":13,"column":8},"end":{"line":13,"column":38}},"8":{"start":{"line":15,"column":8},"end":{"line":15,"column":53}},"9":{"start":{"line":20,"column":30},"end":{"line":27,"column":1}},"10":{"start":{"line":21,"column":4},"end":{"line":26,"column":5}},"11":{"start":{"line":22,"column":25},"end":{"line":22,"column":45}},"12":{"start":{"line":23,"column":8},"end":{"line":23,"column":39}},"13":{"start":{"line":25,"column":8},"end":{"line":25,"column":53}},"14":{"start":{"line":30,"column":33},"end":{"line":38,"column":1}},"15":{"start":{"line":31,"column":4},"end":{"line":37,"column":5}},"16":{"start":{"line":32,"column":27},"end":{"line":32,"column":37}},"17":{"start":{"line":33,"column":25},"end":{"line":33,"column":55}},"18":{"start":{"line":34,"column":8},"end":{"line":34,"column":39}},"19":{"start":{"line":36,"column":8},"end":{"line":36,"column":53}},"20":{"start":{"line":41,"column":33},"end":{"line":49,"column":1}},"21":{"start":{"line":42,"column":4},"end":{"line":48,"column":5}},"22":{"start":{"line":43,"column":25},"end":{"line":43,"column":35}},"23":{"start":{"line":44,"column":25},"end":{"line":44,"column":53}},"24":{"start":{"line":45,"column":8},"end":{"line":45,"column":39}},"25":{"start":{"line":47,"column":8},"end":{"line":47,"column":53}},"26":{"start":{"line":52,"column":30},"end":{"line":60,"column":1}},"27":{"start":{"line":53,"column":4},"end":{"line":59,"column":5}},"28":{"start":{"line":54,"column":23},"end":{"line":54,"column":33}},"29":{"start":{"line":55,"column":25},"end":{"line":55,"column":51}},"30":{"start":{"line":56,"column":8},"end":{"line":56,"column":39}},"31":{"start":{"line":58,"column":8},"end":{"line":58,"column":53}},"32":{"start":{"line":64,"column":29},"end":{"line":74,"column":1}},"33":{"start":{"line":65,"column":4},"end":{"line":73,"column":5}},"34":{"start":{"line":66,"column":23},"end":{"line":66,"column":33}},"35":{"start":{"line":67,"column":28},"end":{"line":67,"column":36}},"36":{"start":{"line":68,"column":31},"end":{"line":68,"column":94}},"37":{"start":{"line":69,"column":8},"end":{"line":69,"column":91}},"38":{"start":{"line":69,"column":29},"end":{"line":69,"column":91}},"39":{"start":{"line":70,"column":8},"end":{"line":70,"column":45}},"40":{"start":{"line":72,"column":8},"end":{"line":72,"column":53}},"41":{"start":{"line":77,"column":29},"end":{"line":86,"column":1}},"42":{"start":{"line":78,"column":4},"end":{"line":85,"column":5}},"43":{"start":{"line":79,"column":23},"end":{"line":79,"column":33}},"44":{"start":{"line":80,"column":31},"end":{"line":80,"column":66}},"45":{"start":{"line":81,"column":8},"end":{"line":81,"column":91}},"46":{"start":{"line":81,"column":29},"end":{"line":81,"column":91}},"47":{"start":{"line":82,"column":8},"end":{"line":82,"column":74}},"48":{"start":{"line":84,"column":8},"end":{"line":84,"column":53}},"49":{"start":{"line":89,"column":33},"end":{"line":99,"column":1}},"50":{"start":{"line":90,"column":4},"end":{"line":98,"column":5}},"51":{"start":{"line":91,"column":23},"end":{"line":91,"column":51}},"52":{"start":{"line":92,"column":8},"end":{"line":95,"column":11}},"53":{"start":{"line":97,"column":8},"end":{"line":97,"column":53}}},"fnMap":{"0":{"name":"(anonymous_0)","decl":{"start":{"line":5,"column":29},"end":{"line":5,"column":30}},"loc":{"start":{"line":5,"column":49},"end":{"line":17,"column":1}},"line":5},"1":{"name":"(anonymous_1)","decl":{"start":{"line":20,"column":30},"end":{"line":20,"column":31}},"loc":{"start":{"line":20,"column":50},"end":{"line":27,"column":1}},"line":20},"2":{"name":"(anonymous_2)","decl":{"start":{"line":30,"column":33},"end":{"line":30,"column":34}},"loc":{"start":{"line":30,"column":53},"end":{"line":38,"column":1}},"line":30},"3":{"name":"(anonymous_3)","decl":{"start":{"line":41,"column":33},"end":{"line":41,"column":34}},"loc":{"start":{"line":41,"column":53},"end":{"line":49,"column":1}},"line":41},"4":{"name":"(anonymous_4)","decl":{"start":{"line":52,"column":30},"end":{"line":52,"column":31}},"loc":{"start":{"line":52,"column":50},"end":{"line":60,"column":1}},"line":52},"5":{"name":"(anonymous_5)","decl":{"start":{"line":64,"column":29},"end":{"line":64,"column":30}},"loc":{"start":{"line":64,"column":49},"end":{"line":74,"column":1}},"line":64},"6":{"name":"(anonymous_6)","decl":{"start":{"line":77,"column":29},"end":{"line":77,"column":30}},"loc":{"start":{"line":77,"column":49},"end":{"line":86,"column":1}},"line":77},"7":{"name":"(anonymous_7)","decl":{"start":{"line":89,"column":33},"end":{"line":89,"column":34}},"loc":{"start":{"line":89,"column":53},"end":{"line":99,"column":1}},"line":89}},"branchMap":{"0":{"loc":{"start":{"line":9,"column":8},"end":{"line":11,"column":9}},"type":"if","locations":[{"start":{"line":9,"column":8},"end":{"line":11,"column":9}},{"start":{},"end":{}}],"line":9},"1":{"loc":{"start":{"line":69,"column":8},"end":{"line":69,"column":91}},"type":"if","locations":[{"start":{"line":69,"column":8},"end":{"line":69,"column":91}},{"start":{},"end":{}}],"line":69},"2":{"loc":{"start":{"line":81,"column":8},"end":{"line":81,"column":91}},"type":"if","locations":[{"start":{"line":81,"column":8},"end":{"line":81,"column":91}},{"start":{},"end":{}}],"line":81}},"s":{"0":2,"1":1,"2":1,"3":1,"4":1,"5":0,"6":1,"7":1,"8":0,"9":2,"10":1,"11":1,"12":1,"13":0,"14":2,"15":0,"16":0,"17":0,"18":0,"19":0,"20":2,"21":0,"22":0,"23":0,"24":0,"25":0,"26":2,"27":0,"28":0,"29":0,"30":0,"31":0,"32":2,"33":0,"34":0,"35":0,"36":0,"37":0,"38":0,"39":0,"40":0,"41":2,"42":0,"43":0,"44":0,"45":0,"46":0,"47":0,"48":0,"49":2,"50":0,"51":0,"52":0,"53":0},"f":{"0":1,"1":1,"2":0,"3":0,"4":0,"5":0,"6":0,"7":0},"b":{"0":[0,1],"1":[0,0],"2":[0,0]},"_coverageSchema":"1a1c01bbd47fc00a2c39e90264f33305004495a9","hash":"b3e4f55b206832931b957c1211d12a9e050fa460"}
,"C:\\Users\\Tuval Yulevich\\Desktop\\תואר במדעי המחשב\\שנה ג\\שנה ג סמסטר א\\פיתוח מתקדם באפליקציות אינטרנטיות\\Matala2\\controllers\\postController.js": {"path":"C:\\Users\\Tuval Yulevich\\Desktop\\תואר במדעי המחשב\\שנה ג\\שנה ג סמסטר א\\פיתוח מתקדם באפליקציות אינטרנטיות\\Matala2\\controllers\\postController.js","statementMap":{"0":{"start":{"line":4,"column":23},"end":{"line":12,"column":1}},"1":{"start":{"line":5,"column":4},"end":{"line":11,"column":5}},"2":{"start":{"line":6,"column":21},"end":{"line":6,"column":39}},"3":{"start":{"line":7,"column":8},"end":{"line":7,"column":26}},"4":{"start":{"line":8,"column":8},"end":{"line":8,"column":41}},"5":{"start":{"line":10,"column":8},"end":{"line":10,"column":60}},"6":{"start":{"line":14,"column":36},"end":{"line":29,"column":1}},"7":{"start":{"line":15,"column":4},"end":{"line":28,"column":5}},"8":{"start":{"line":16,"column":25},"end":{"line":16,"column":41}},"9":{"start":{"line":17,"column":8},"end":{"line":23,"column":9}},"10":{"start":{"line":18,"column":26},"end":{"line":18,"column":63}},"11":{"start":{"line":19,"column":12},"end":{"line":21,"column":13}},"12":{"start":{"line":20,"column":16},"end":{"line":20,"column":89}},"13":{"start":{"line":22,"column":12},"end":{"line":22,"column":35}},"14":{"start":{"line":24,"column":25},"end":{"line":24,"column":42}},"15":{"start":{"line":25,"column":8},"end":{"line":25,"column":45}},"16":{"start":{"line":27,"column":8},"end":{"line":27,"column":60}},"17":{"start":{"line":31,"column":27},"end":{"line":41,"column":1}},"18":{"start":{"line":32,"column":4},"end":{"line":40,"column":5}},"19":{"start":{"line":33,"column":21},"end":{"line":33,"column":58}},"20":{"start":{"line":34,"column":8},"end":{"line":36,"column":9}},"21":{"start":{"line":35,"column":12},"end":{"line":35,"column":69}},"22":{"start":{"line":37,"column":8},"end":{"line":37,"column":23}},"23":{"start":{"line":39,"column":8},"end":{"line":39,"column":60}},"24":{"start":{"line":43,"column":26},"end":{"line":53,"column":1}},"25":{"start":{"line":44,"column":4},"end":{"line":52,"column":5}},"26":{"start":{"line":45,"column":21},"end":{"line":45,"column":93}},"27":{"start":{"line":46,"column":8},"end":{"line":48,"column":9}},"28":{"start":{"line":47,"column":12},"end":{"line":47,"column":67}},"29":{"start":{"line":49,"column":8},"end":{"line":49,"column":41}},"30":{"start":{"line":51,"column":8},"end":{"line":51,"column":60}}},"fnMap":{"0":{"name":"(anonymous_0)","decl":{"start":{"line":4,"column":23},"end":{"line":4,"column":24}},"loc":{"start":{"line":4,"column":42},"end":{"line":12,"column":1}},"line":4},"1":{"name":"(anonymous_1)","decl":{"start":{"line":14,"column":36},"end":{"line":14,"column":37}},"loc":{"start":{"line":14,"column":55},"end":{"line":29,"column":1}},"line":14},"2":{"name":"(anonymous_2)","decl":{"start":{"line":31,"column":27},"end":{"line":31,"column":28}},"loc":{"start":{"line":31,"column":46},"end":{"line":41,"column":1}},"line":31},"3":{"name":"(anonymous_3)","decl":{"start":{"line":43,"column":26},"end":{"line":43,"column":27}},"loc":{"start":{"line":43,"column":45},"end":{"line":53,"column":1}},"line":43}},"branchMap":{"0":{"loc":{"start":{"line":17,"column":8},"end":{"line":23,"column":9}},"type":"if","locations":[{"start":{"line":17,"column":8},"end":{"line":23,"column":9}},{"start":{},"end":{}}],"line":17},"1":{"loc":{"start":{"line":19,"column":12},"end":{"line":21,"column":13}},"type":"if","locations":[{"start":{"line":19,"column":12},"end":{"line":21,"column":13}},{"start":{},"end":{}}],"line":19},"2":{"loc":{"start":{"line":19,"column":16},"end":{"line":19,"column":44}},"type":"binary-expr","locations":[{"start":{"line":19,"column":16},"end":{"line":19,"column":22}},{"start":{"line":19,"column":26},"end":{"line":19,"column":44}}],"line":19},"3":{"loc":{"start":{"line":34,"column":8},"end":{"line":36,"column":9}},"type":"if","locations":[{"start":{"line":34,"column":8},"end":{"line":36,"column":9}},{"start":{},"end":{}}],"line":34},"4":{"loc":{"start":{"line":46,"column":8},"end":{"line":48,"column":9}},"type":"if","locations":[{"start":{"line":46,"column":8},"end":{"line":48,"column":9}},{"start":{},"end":{}}],"line":46}},"s":{"0":2,"1":2,"2":2,"3":2,"4":1,"5":1,"6":2,"7":0,"8":0,"9":0,"10":0,"11":0,"12":0,"13":0,"14":0,"15":0,"16":0,"17":2,"18":0,"19":0,"20":0,"21":0,"22":0,"23":0,"24":2,"25":0,"26":0,"27":0,"28":0,"29":0,"30":0},"f":{"0":2,"1":0,"2":0,"3":0},"b":{"0":[0,0],"1":[0,0],"2":[0,0],"3":[0,0],"4":[0,0]},"_coverageSchema":"1a1c01bbd47fc00a2c39e90264f33305004495a9","hash":"c24a2bf570024b80856e92a2010741dc17ce9593"}
,"C:\\Users\\Tuval Yulevich\\Desktop\\תואר במדעי המחשב\\שנה ג\\שנה ג סמסטר א\\פיתוח מתקדם באפליקציות אינטרנטיות\\Matala2\\middleware\\middleware.js": {"path":"C:\\Users\\Tuval Yulevich\\Desktop\\תואר במדעי המחשב\\שנה ג\\שנה ג סמסטר א\\פיתוח מתקדם באפליקציות אינטרנטיות\\Matala2\\middleware\\middleware.js","statementMap":{"0":{"start":{"line":4,"column":23},"end":{"line":24,"column":1}},"1":{"start":{"line":7,"column":2},"end":{"line":23,"column":3}},"2":{"start":{"line":11,"column":4},"end":{"line":20,"column":5}},"3":{"start":{"line":12,"column":6},"end":{"line":12,"column":54}},"4":{"start":{"line":13,"column":22},"end":{"line":13,"column":47}},"5":{"start":{"line":14,"column":6},"end":{"line":14,"column":69}},"6":{"start":{"line":15,"column":6},"end":{"line":15,"column":13}},"7":{"start":{"line":17,"column":6},"end":{"line":19,"column":59}},"8":{"start":{"line":22,"column":4},"end":{"line":22,"column":73}}},"fnMap":{"0":{"name":"(anonymous_0)","decl":{"start":{"line":4,"column":23},"end":{"line":4,"column":24}},"loc":{"start":{"line":4,"column":49},"end":{"line":24,"column":1}},"line":4}},"branchMap":{"0":{"loc":{"start":{"line":7,"column":2},"end":{"line":23,"column":3}},"type":"if","locations":[{"start":{"line":7,"column":2},"end":{"line":23,"column":3}},{"start":{"line":21,"column":9},"end":{"line":23,"column":3}}],"line":7},"1":{"loc":{"start":{"line":8,"column":4},"end":{"line":9,"column":50}},"type":"binary-expr","locations":[{"start":{"line":8,"column":4},"end":{"line":8,"column":29}},{"start":{"line":9,"column":4},"end":{"line":9,"column":50}}],"line":8}},"s":{"0":2,"1":3,"2":2,"3":2,"4":2,"5":1,"6":0,"7":2,"8":1},"f":{"0":3},"b":{"0":[2,1],"1":[3,2]},"_coverageSchema":"1a1c01bbd47fc00a2c39e90264f33305004495a9","hash":"0e1fa4aa5fcd9094323a94ed6ea7fef79059a2dd"}
,"C:\\Users\\Tuval Yulevich\\Desktop\\תואר במדעי המחשב\\שנה ג\\שנה ג סמסטר א\\פיתוח מתקדם באפליקציות אינטרנטיות\\Matala2\\models\\commentModel.js": {"path":"C:\\Users\\Tuval Yulevich\\Desktop\\תואר במדעי המחשב\\שנה ג\\שנה ג סמסטר א\\פיתוח מתקדם באפליקציות אינטרנטיות\\Matala2\\models\\commentModel.js","statementMap":{"0":{"start":{"line":3,"column":22},"end":{"line":8,"column":2}}},"fnMap":{},"branchMap":{},"s":{"0":2},"f":{},"b":{},"_coverageSchema":"1a1c01bbd47fc00a2c39e90264f33305004495a9","hash":"e4016b316ba49fa5a3d8dd735a8732134868dda1"}
,"C:\\Users\\Tuval Yulevich\\Desktop\\תואר במדעי המחשב\\שנה ג\\שנה ג סמסטר א\\פיתוח מתקדם באפליקציות אינטרנטיות\\Matala2\\models\\postModel.js": {"path":"C:\\Users\\Tuval Yulevich\\Desktop\\תואר במדעי המחשב\\שנה ג\\שנה ג סמסטר א\\פיתוח מתקדם באפליקציות אינטרנטיות\\Matala2\\models\\postModel.js","statementMap":{"0":{"start":{"line":3,"column":19},"end":{"line":16,"column":23}},"1":{"start":{"line":18,"column":13},"end":{"line":18,"column":47}}},"fnMap":{},"branchMap":{},"s":{"0":3,"1":3},"f":{},"b":{},"_coverageSchema":"1a1c01bbd47fc00a2c39e90264f33305004495a9","hash":"cf45152052597333ed36929a57b17e66b63583bd"}
,"C:\\Users\\Tuval Yulevich\\Desktop\\תואר במדעי המחשב\\שנה ג\\שנה ג סמסטר א\\פיתוח מתקדם באפליקציות אינטרנטיות\\Matala2\\models\\userModel.js": {"path":"C:\\Users\\Tuval Yulevich\\Desktop\\תואר במדעי המחשב\\שנה ג\\שנה ג סמסטר א\\פיתוח מתקדם באפליקציות אינטרנטיות\\Matala2\\models\\userModel.js","statementMap":{"0":{"start":{"line":3,"column":19},"end":{"line":7,"column":2}},"1":{"start":{"line":9,"column":13},"end":{"line":9,"column":47}}},"fnMap":{},"branchMap":{},"s":{"0":3,"1":3},"f":{},"b":{},"_coverageSchema":"1a1c01bbd47fc00a2c39e90264f33305004495a9","hash":"c1fc5c32ba4e3002e04f7606b33a7e3eae76bf6d"}
,"C:\\Users\\Tuval Yulevich\\Desktop\\תואר במדעי המחשב\\שנה ג\\שנה ג סמסטר א\\פיתוח מתקדם באפליקציות אינטרנטיות\\Matala2\\routes\\authRoutes.js": {"path":"C:\\Users\\Tuval Yulevich\\Desktop\\תואר במדעי המחשב\\שנה ג\\שנה ג סמסטר א\\פיתוח מתקדם באפליקציות אינטרנטיות\\Matala2\\routes\\authRoutes.js","statementMap":{"0":{"start":{"line":3,"column":15},"end":{"line":3,"column":31}},"1":{"start":{"line":63,"column":0},"end":{"line":63,"column":34}},"2":{"start":{"line":82,"column":0},"end":{"line":82,"column":29}}},"fnMap":{},"branchMap":{},"s":{"0":1,"1":1,"2":1},"f":{},"b":{},"_coverageSchema":"1a1c01bbd47fc00a2c39e90264f33305004495a9","hash":"5063b16082b6a587d1724d088f362ac7c1d88740"}
,"C:\\Users\\Tuval Yulevich\\Desktop\\תואר במדעי המחשב\\שנה ג\\שנה ג סמסטר א\\פיתוח מתקדם באפליקציות אינטרנטיות\\Matala2\\routes\\commentRoutes.js": {"path":"C:\\Users\\Tuval Yulevich\\Desktop\\תואר במדעי המחשב\\שנה ג\\שנה ג סמסטר א\\פיתוח מתקדם באפליקציות אינטרנטיות\\Matala2\\routes\\commentRoutes.js","statementMap":{"0":{"start":{"line":14,"column":15},"end":{"line":14,"column":31}},"1":{"start":{"line":17,"column":0},"end":{"line":17,"column":40}},"2":{"start":{"line":20,"column":0},"end":{"line":20,"column":40}},"3":{"start":{"line":23,"column":0},"end":{"line":23,"column":50}},"4":{"start":{"line":26,"column":0},"end":{"line":26,"column":53}},"5":{"start":{"line":29,"column":0},"end":{"line":29,"column":53}},"6":{"start":{"line":32,"column":0},"end":{"line":32,"column":42}},"7":{"start":{"line":35,"column":0},"end":{"line":35,"column":45}},"8":{"start":{"line":38,"column":0},"end":{"line":38,"column":45}}},"fnMap":{},"branchMap":{},"s":{"0":1,"1":1,"2":1,"3":1,"4":1,"5":1,"6":1,"7":1,"8":1},"f":{},"b":{},"_coverageSchema":"1a1c01bbd47fc00a2c39e90264f33305004495a9","hash":"cd465eca8c4d427a853697efce46487812492a31"}
,"C:\\Users\\Tuval Yulevich\\Desktop\\תואר במדעי המחשב\\שנה ג\\שנה ג סמסטר א\\פיתוח מתקדם באפליקציות אינטרנטיות\\Matala2\\routes\\postRoutes.js": {"path":"C:\\Users\\Tuval Yulevich\\Desktop\\תואר במדעי המחשב\\שנה ג\\שנה ג סמסטר א\\פיתוח מתקדם באפליקציות אינטרנטיות\\Matala2\\routes\\postRoutes.js","statementMap":{"0":{"start":{"line":4,"column":15},"end":{"line":4,"column":31}},"1":{"start":{"line":6,"column":0},"end":{"line":6,"column":35}},"2":{"start":{"line":7,"column":0},"end":{"line":7,"column":46}},"3":{"start":{"line":8,"column":0},"end":{"line":8,"column":40}},"4":{"start":{"line":9,"column":0},"end":{"line":9,"column":39}}},"fnMap":{},"branchMap":{},"s":{"0":1,"1":1,"2":1,"3":1,"4":1},"f":{},"b":{},"_coverageSchema":"1a1c01bbd47fc00a2c39e90264f33305004495a9","hash":"3ebc540c23d890c29ec32d56342db8db8c588d7e"}
}
