TN:
SF:controllers\AuthController.js
FN:6,(anonymous_0)
FN:10,(anonymous_1)
FN:34,(anonymous_2)
FNF:3
FNH:2
FNDA:1,(anonymous_0)
FNDA:3,(anonymous_1)
FNDA:0,(anonymous_2)
DA:6,2
DA:7,1
DA:10,2
DA:11,3
DA:12,3
DA:14,3
DA:15,3
DA:16,2
DA:19,1
DA:20,1
DA:21,1
DA:23,1
DA:30,0
DA:34,2
DA:35,0
DA:36,0
DA:37,0
DA:38,0
DA:39,0
DA:41,0
DA:42,0
DA:43,0
DA:45,0
DA:52,0
LF:24
LH:13
BRDA:15,0,0,2
BRDA:15,0,1,1
BRDA:38,1,0,0
BRDA:38,1,1,0
BRDA:42,2,0,0
BRDA:42,2,1,0
BRF:6
BRH:2
end_of_record
TN:
SF:controllers\commentController.js
FN:5,(anonymous_0)
FN:20,(anonymous_1)
FN:30,(anonymous_2)
FN:41,(anonymous_3)
FN:52,(anonymous_4)
FN:64,(anonymous_5)
FN:77,(anonymous_6)
FN:89,(anonymous_7)
FNF:8
FNH:2
FNDA:1,(anonymous_0)
FNDA:1,(anonymous_1)
FNDA:0,(anonymous_2)
FNDA:0,(anonymous_3)
FNDA:0,(anonymous_4)
FNDA:0,(anonymous_5)
FNDA:0,(anonymous_6)
FNDA:0,(anonymous_7)
DA:5,2
DA:6,1
DA:7,1
DA:8,1
DA:9,1
DA:10,0
DA:12,1
DA:13,1
DA:15,0
DA:20,2
DA:21,1
DA:22,1
DA:23,1
DA:25,0
DA:30,2
DA:31,0
DA:32,0
DA:33,0
DA:34,0
DA:36,0
DA:41,2
DA:42,0
DA:43,0
DA:44,0
DA:45,0
DA:47,0
DA:52,2
DA:53,0
DA:54,0
DA:55,0
DA:56,0
DA:58,0
DA:64,2
DA:65,0
DA:66,0
DA:67,0
DA:68,0
DA:69,0
DA:70,0
DA:72,0
DA:77,2
DA:78,0
DA:79,0
DA:80,0
DA:81,0
DA:82,0
DA:84,0
DA:89,2
DA:90,0
DA:91,0
DA:92,0
DA:97,0
LF:52
LH:17
BRDA:9,0,0,0
BRDA:9,0,1,1
BRDA:69,1,0,0
BRDA:69,1,1,0
BRDA:81,2,0,0
BRDA:81,2,1,0
BRF:6
BRH:1
end_of_record
TN:
SF:controllers\postController.js
FN:4,(anonymous_0)
FN:14,(anonymous_1)
FN:31,(anonymous_2)
FN:43,(anonymous_3)
FNF:4
FNH:1
FNDA:2,(anonymous_0)
FNDA:0,(anonymous_1)
FNDA:0,(anonymous_2)
FNDA:0,(anonymous_3)
DA:4,2
DA:5,2
DA:6,2
DA:7,2
DA:8,1
DA:10,1
DA:14,2
DA:15,0
DA:16,0
DA:17,0
DA:18,0
DA:19,0
DA:20,0
DA:22,0
DA:24,0
DA:25,0
DA:27,0
DA:31,2
DA:32,0
DA:33,0
DA:34,0
DA:35,0
DA:37,0
DA:39,0
DA:43,2
DA:44,0
DA:45,0
DA:46,0
DA:47,0
DA:49,0
DA:51,0
LF:31
LH:9
BRDA:17,0,0,0
BRDA:17,0,1,0
BRDA:19,1,0,0
BRDA:19,1,1,0
BRDA:19,2,0,0
BRDA:19,2,1,0
BRDA:34,3,0,0
BRDA:34,3,1,0
BRDA:46,4,0,0
BRDA:46,4,1,0
BRF:10
BRH:0
end_of_record
TN:
SF:middleware\middleware.js
FN:4,(anonymous_0)
FNF:1
FNH:1
FNDA:3,(anonymous_0)
DA:4,2
DA:7,3
DA:11,2
DA:12,2
DA:13,2
DA:14,1
DA:15,0
DA:17,2
DA:22,1
LF:9
LH:8
BRDA:7,0,0,2
BRDA:7,0,1,1
BRDA:8,1,0,3
BRDA:8,1,1,2
BRF:4
BRH:4
end_of_record
TN:
SF:models\commentModel.js
FNF:0
FNH:0
DA:3,2
LF:1
LH:1
BRF:0
BRH:0
end_of_record
TN:
SF:models\postModel.js
FNF:0
FNH:0
DA:3,3
DA:18,3
LF:2
LH:2
BRF:0
BRH:0
end_of_record
TN:
SF:models\userModel.js
FNF:0
FNH:0
DA:3,3
DA:9,3
LF:2
LH:2
BRF:0
BRH:0
end_of_record
TN:
SF:routes\authRoutes.js
FNF:0
FNH:0
DA:3,1
DA:63,1
DA:82,1
LF:3
LH:3
BRF:0
BRH:0
end_of_record
TN:
SF:routes\commentRoutes.js
FNF:0
FNH:0
DA:14,1
DA:17,1
DA:20,1
DA:23,1
DA:26,1
DA:29,1
DA:32,1
DA:35,1
DA:38,1
LF:9
LH:9
BRF:0
BRH:0
end_of_record
TN:
SF:routes\postRoutes.js
FNF:0
FNH:0
DA:4,1
DA:6,1
DA:7,1
DA:8,1
DA:9,1
LF:5
LH:5
BRF:0
BRH:0
end_of_record
